<?xml version="1.0" encoding="utf-8"?><testsuites name="pytest tests"><testsuite name="pytest" errors="0" failures="0" skipped="0" tests="8" time="4.937" timestamp="2026-07-10T04:49:59.150592+00:00" hostname="agent-env-d396ec98-9847-47bd-9c60-30c762804c84"><testcase classname="tests.backend_test.TestContact" name="test_create_contact_valid" time="0.732" /><testcase classname="tests.backend_test.TestStatus" name="test_create_status" time="0.626" /><testcase classname="tests.backend_test.TestStatus" name="test_list_status" time="0.088" /><testcase classname="tests.backend_test.TestContact" name="test_create_contact_invalid_email_returns_422" time="0.086" /><testcase classname="tests.backend_test.TestRoot" name="test_root_returns_service_and_status" time="0.088" /><testcase classname="tests.backend_test.TestContact" name="test_create_contact_missing_name_returns_422" time="0.085" /><testcase classname="tests.backend_test.TestContact" name="test_create_contact_empty_message_returns_422" time="0.090" /><testcase classname="tests.backend_test.TestContact" name="test_list_contacts_returns_list" time="0.073" /></testsuite></testsuites>