<?xml version="1.0" encoding="utf-8"?><testsuites name="pytest tests"><testsuite name="pytest" errors="0" failures="0" skipped="0" tests="8" time="2.751" timestamp="2026-07-10T05:07:10.588639+00:00" hostname="agent-env-d396ec98-9847-47bd-9c60-30c762804c84"><testcase classname="tests.backend_test.TestContact" name="test_create_contact_valid" time="0.442" /><testcase classname="tests.backend_test.TestStatus" name="test_create_status" time="0.385" /><testcase classname="tests.backend_test.TestStatus" name="test_list_status" time="0.053" /><testcase classname="tests.backend_test.TestContact" name="test_create_contact_invalid_email_returns_422" time="0.055" /><testcase classname="tests.backend_test.TestRoot" name="test_root_returns_service_and_status" time="0.048" /><testcase classname="tests.backend_test.TestContact" name="test_create_contact_missing_name_returns_422" time="0.059" /><testcase classname="tests.backend_test.TestContact" name="test_create_contact_empty_message_returns_422" time="0.066" /><testcase classname="tests.backend_test.TestContact" name="test_list_contacts_returns_list" time="0.047" /></testsuite></testsuites>